{
  "C:\\Users\\Rpierre-louis\\Desktop\\dev\\weatherToJSON\\time.js": {
    "path": "C:\\Users\\Rpierre-louis\\Desktop\\dev\\weatherToJSON\\time.js",
    "statementMap": {
      "0": {
        "start": { "line": 1, "column": 22 },
        "end": { "line": 15, "column": 1 }
      },
      "1": {
        "start": { "line": 17, "column": 26 },
        "end": { "line": 18, "column": 45 }
      },
      "2": {
        "start": { "line": 18, "column": 2 },
        "end": { "line": 18, "column": 45 }
      },
      "3": {
        "start": { "line": 20, "column": 18 },
        "end": { "line": 30, "column": 1 }
      },
      "4": {
        "start": { "line": 21, "column": 14 },
        "end": { "line": 21, "column": 16 }
      },
      "5": {
        "start": { "line": 22, "column": 20 },
        "end": { "line": 22, "column": 63 }
      },
      "6": {
        "start": { "line": 23, "column": 2 },
        "end": { "line": 27, "column": 3 }
      },
      "7": {
        "start": { "line": 24, "column": 15 },
        "end": { "line": 24, "column": 47 }
      },
      "8": {
        "start": { "line": 25, "column": 14 },
        "end": { "line": 25, "column": 37 }
      },
      "9": {
        "start": { "line": 26, "column": 4 },
        "end": { "line": 26, "column": 20 }
      },
      "10": {
        "start": { "line": 29, "column": 2 },
        "end": { "line": 29, "column": 15 }
      },
      "11": {
        "start": { "line": 32, "column": 0 },
        "end": { "line": 35, "column": 2 }
      }
    },
    "fnMap": {
      "0": {
        "name": "(anonymous_0)",
        "decl": {
          "start": { "line": 17, "column": 26 },
          "end": { "line": 17, "column": 27 }
        },
        "loc": {
          "start": { "line": 18, "column": 2 },
          "end": { "line": 18, "column": 45 }
        },
        "line": 18
      },
      "1": {
        "name": "(anonymous_1)",
        "decl": {
          "start": { "line": 20, "column": 18 },
          "end": { "line": 20, "column": 19 }
        },
        "loc": {
          "start": { "line": 20, "column": 49 },
          "end": { "line": 30, "column": 1 }
        },
        "line": 20
      }
    },
    "branchMap": {
      "0": {
        "loc": {
          "start": { "line": 17, "column": 27 },
          "end": { "line": 17, "column": 44 }
        },
        "type": "default-arg",
        "locations": [
          {
            "start": { "line": 17, "column": 34 },
            "end": { "line": 17, "column": 44 }
          }
        ],
        "line": 17
      },
      "1": {
        "loc": {
          "start": { "line": 20, "column": 31 },
          "end": { "line": 20, "column": 44 }
        },
        "type": "default-arg",
        "locations": [
          {
            "start": { "line": 20, "column": 38 },
            "end": { "line": 20, "column": 44 }
          }
        ],
        "line": 20
      }
    },
    "s": {
      "0": 1,
      "1": 1,
      "2": 1,
      "3": 1,
      "4": 0,
      "5": 0,
      "6": 0,
      "7": 0,
      "8": 0,
      "9": 0,
      "10": 0,
      "11": 1
    },
    "f": { "0": 1, "1": 0 },
    "b": { "0": [1], "1": [0] },
    "_coverageSchema": "332fd63041d2c1bcb487cc26dd0d5f7d97098a6c",
    "hash": "d079cfa2cedadcb91717e49988f0471cdc4fc66d"
  }
}
